

*******************************************************************************
Wed Mar 11 22:24:41 2015


FIT:    data read from "data"
        format = z
        x range restricted to [0.00000 : 240.000]
        #datapoints = 15
        residuals are weighted equally (unit weight)

function used for fitting: a*x
fitted parameters initialized with current variable values



 Iteration 0
 WSSR        : 380463            delta(WSSR)/WSSR   : 0
 delta(WSSR) : 0                 limit for stopping : 1e-05
 lambda	  : 159.896

initial set of free parameter values

a               = 1

After 4 iterations the fit converged.
final sum of squares of residuals : 0.000537788
rel. change during last iteration : -5.45186e-11

degrees of freedom    (FIT_NDF)                        : 14
rms of residuals      (FIT_STDFIT) = sqrt(WSSR/ndf)    : 0.00619786
variance of residuals (reduced chisquare) = WSSR/ndf   : 3.84134e-05

Final set of parameters            Asymptotic Standard Error
=======================            ==========================

a               = 0.00396772       +/- 1.001e-05    (0.2522%)


correlation matrix of the fit parameters:

               a      
a               1.000 
